<?xml version="1.0" encoding="UTF-8"?>
<testng-results ignored="0" total="0" passed="0" failed="0" skipped="0">
  <reporter-output>
  </reporter-output>
  <suite started-at="2024-01-10T16:24:40 IST" name="Suite" finished-at="2024-01-10T16:24:40 IST" duration-ms="6">
    <groups>
    </groups>
    <test started-at="2024-01-10T16:24:40 IST" name="Parallel Tests Edge" finished-at="2024-01-10T16:24:40 IST" duration-ms="6">
    </test> <!-- Parallel Tests Edge -->
  </suite> <!-- Suite -->
</testng-results>
